Removed Pin From Net: NetName=GND Pin=CON1-4
Removed Pin From Net: NetName=GND Pin=JP1-0
Removed Pin From Net: NetName=GND Pin=JP1-0
Remove Pin from Net: Failed to remove Pin
Removed Pin From Net: NetName=VCC12V Pin=JP2-0
Removed Pin From Net: NetName=VCC5V-B Pin=JP2-0
Added Component: Designator=C121(C0805_L)
Add component (AddParameter): Name = "BOM名称"; Value = "无极性贴片电容"; VariantName = "[No Variations]"
Add component (AddParameter): Name = "学习资源"; Value = "www.ooocke.com"; VariantName = "[No Variations]"
Add component (AddParameter): Name = "材质"; Value = "X7R"; VariantName = "[No Variations]"
Add component (AddParameter): Name = "版权归属"; Value = "源创客"; VariantName = "[No Variations]"
Added Component: Designator=C122(C0805_L)
Add component (AddParameter): Name = "BOM名称"; Value = "无极性贴片电容"; VariantName = "[No Variations]"
Add component (AddParameter): Name = "学习资源"; Value = "www.ooocke.com"; VariantName = "[No Variations]"
Add component (AddParameter): Name = "材质"; Value = "X7R"; VariantName = "[No Variations]"
Add component (AddParameter): Name = "版权归属"; Value = "源创客"; VariantName = "[No Variations]"
Added Pin To Net: NetName=VCC1.05V-VL822 Pin=C121-1
Added Pin To Net: NetName=GND Pin=C121-2
Added Pin To Net: NetName=VCC1.05V-VL822 Pin=C122-1
Added Pin To Net: NetName=GND Pin=C122-2
Added Member To Class: ClassName=pwr Member=Component C121 47uF 6.3V
Added Member To Class: ClassName=pwr Member=Component C122 47uF 6.3V
