Change Component Designator: Old Designator=C31 New Designator=C45
Change Component Designator: Old Designator=C34 New Designator=C46
Change Component Designator: Old Designator=C35 New Designator=C47
Change Component Designator: Old Designator=C37 New Designator=C48
Change Component Designator: Old Designator=C46 New Designator=C49
Change Component Designator: Old Designator=C47 New Designator=C50
Change Component Designator: Old Designator=C48 New Designator=C51
Change Component Designator: Old Designator=C49 New Designator=C52
Change Component Designator: Old Designator=C50 New Designator=C53
Change Component Designator: Old Designator=C51 New Designator=C54
Change Component Designator: Old Designator=C52 New Designator=C55
Change Component Designator: Old Designator=C53 New Designator=C56
Change Component Designator: Old Designator=C60 New Designator=C57
Change Component Designator: Old Designator=C61 New Designator=C58
Change Component Designator: Old Designator=C62 New Designator=C59
Change Component Designator: Old Designator=C63 New Designator=C60
Change Component Designator: Old Designator=C64 New Designator=C61
Change Component Designator: Old Designator=C65 New Designator=C62
Change Component Designator: Old Designator=C67 New Designator=C63
Change Component Designator: Old Designator=C69 New Designator=C64
Change Component Designator: Old Designator=C72 New Designator=C65
Change Component Designator: Old Designator=C73 New Designator=C66
Change Component Designator: Old Designator=C74 New Designator=C67
Change Component Designator: Old Designator=C75 New Designator=C68
Change Component Designator: Old Designator=C76 New Designator=C69
Change Component Designator: Old Designator=C77 New Designator=C70
Change Component Designator: Old Designator=C78 New Designator=C71
Change Component Designator: Old Designator=C79 New Designator=C72
Change Component Designator: Old Designator=C80 New Designator=C73
Change Component Designator: Old Designator=C81 New Designator=C74
Change Component Designator: Old Designator=C82 New Designator=C75
Change Component Designator: Old Designator=C83 New Designator=C76
Change Component Designator: Old Designator=C84 New Designator=C77
Change Component Designator: Old Designator=C85 New Designator=C78
Change Component Designator: Old Designator=C86 New Designator=C79
Change Component Designator: Old Designator=C87 New Designator=C80
Change Component Designator: Old Designator=C88 New Designator=C81
Change Component Designator: Old Designator=C89 New Designator=C82
Change Component Designator: Old Designator=C90 New Designator=C83
Change Component Designator: Old Designator=C91 New Designator=C84
Change Component Designator: Old Designator=C92 New Designator=C85
Change Component Designator: Old Designator=C93 New Designator=C86
Change Component Designator: Old Designator=C94 New Designator=C87
Change Component Designator: Old Designator=C95 New Designator=C88
Change Component Designator: Old Designator=L5 New Designator=L6
Change Component Designator: Old Designator=L6 New Designator=L7
Change Component Designator: Old Designator=R19 New Designator=R20
Change Component Designator: Old Designator=R20 New Designator=R21
Change Component Designator: Old Designator=R21 New Designator=R26
Change Component Designator: Old Designator=R26 New Designator=R27
Change Component Designator: Old Designator=R27 New Designator=R16
Change Component Designator: Old Designator=R29 New Designator=R17
Change Component Designator: Old Designator=R31 New Designator=R18
Change Component Designator: Old Designator=R33 New Designator=R19
Change Component Designator: Old Designator=R34 New Designator=R22
Change Component Designator: Old Designator=R35 New Designator=R23
Change Component Designator: Old Designator=R36 New Designator=R24
Change Component Designator: Old Designator=R37 New Designator=R25
Change Component Designator: Old Designator=U4 New Designator=U6
Change Component Designator: Old Designator=U6 New Designator=U7
Change Component Designator: Old Designator=U7 New Designator=U8
Change Component Designator: Old Designator=U8 New Designator=U9
Change Component Designator: Old Designator=Y2 New Designator=Y1
Change Component Designator: Old Designator=Y3 New Designator=Y2
