Removed Pin From Net: NetName=GND Pin=C1-1
Removed Pin From Net: NetName=VBUS Pin=C1-2
Removed Pin From Net: NetName=GND Pin=C3-1
Removed Pin From Net: NetName=VBUS Pin=C3-2
Removed Pin From Net: NetName=GND Pin=C5-1
Removed Pin From Net: NetName=VCC1.05V-VL822 Pin=C5-2
Removed Pin From Net: NetName=GND Pin=C6-1
Removed Pin From Net: NetName=VCC1.05V-VL822 Pin=C6-2
Removed Pin From Net: NetName=GND Pin=C9-1
Removed Pin From Net: NetName=VCC3.3V-VL822 Pin=C9-2
Removed Pin From Net: NetName=GND Pin=C11-1
Removed Pin From Net: NetName=VCC3.3V-VL822 Pin=C11-2
Removed Pin From Net: NetName=VCC3.3V-VL822 Pin=C32_1-1
Removed Pin From Net: NetName=GND Pin=C32_1-2
Removed Pin From Net: NetName=NetC33_1 Pin=C33_1-1
Removed Pin From Net: NetName=NetC33_2 Pin=C33_1-2
Removed Pin From Net: NetName=GND Pin=C36_1-1
Removed Pin From Net: NetName=VBUS Pin=C36_1-2
Removed Pin From Net: NetName=GND Pin=C38_1-1
Removed Pin From Net: NetName=VBUS Pin=C38_1-2
Removed Pin From Net: NetName=NetC39_1 Pin=C39_1-1
Removed Pin From Net: NetName=VCC3.3V-VL822 Pin=C39_1-2
Removed Pin From Net: NetName=VCC3.3V-VL822 Pin=C40_1-1
Removed Pin From Net: NetName=GND Pin=C40_1-2
Removed Pin From Net: NetName=VCC3.3V-VL822 Pin=C41_1-1
Removed Pin From Net: NetName=GND Pin=C41_1-2
Removed Pin From Net: NetName=VCC1.05V-VL822 Pin=L1-1
Removed Pin From Net: NetName=VCC3.3V-VL822 Pin=L3-1
Removed Pin From Net: NetName=NetC33_2 Pin=L8_1-1
Removed Pin From Net: NetName=VCC3.3V-VL822 Pin=L8_1-2
Removed Pin From Net: NetName=VBUS Pin=R1-1
Removed Pin From Net: NetName=VBUS Pin=R3-1
Removed Pin From Net: NetName=GND Pin=R5-2
Removed Pin From Net: NetName=GND Pin=R7-2
Removed Pin From Net: NetName=VCC1.05V-VL822 Pin=R10-1
Removed Pin From Net: NetName=VCC3.3V-VL822 Pin=R12-1
Removed Pin From Net: NetName=GND Pin=R13-2
Removed Pin From Net: NetName=GND Pin=R14-2
Removed Pin From Net: NetName=VCC3.3V-VL822 Pin=R17_1-1
Removed Pin From Net: NetName=NetC39_1 Pin=R17_1-2
Removed Pin From Net: NetName=NetC39_1 Pin=R18_1-1
Removed Pin From Net: NetName=GND Pin=R18_1-2
Removed Pin From Net: NetName=GND Pin=U1-5
Removed Pin From Net: NetName=VBUS Pin=U1-7
Removed Pin From Net: NetName=GND Pin=U5_1-1
Removed Pin From Net: NetName=NetC33_2 Pin=U5_1-2
Removed Pin From Net: NetName=VBUS Pin=U5_1-3
Removed Pin From Net: NetName=NetC39_1 Pin=U5_1-4
Removed Pin From Net: NetName=NetC33_1 Pin=U5_1-6
Removed Member From Class: ClassName=pwr Member=C1
Removed Member From Class: ClassName=pwr Member=C3
Removed Member From Class: ClassName=pwr Member=C5
Removed Member From Class: ClassName=pwr Member=C6
Removed Member From Class: ClassName=pwr Member=C9
Removed Member From Class: ClassName=pwr Member=C11
Removed Member From Class: ClassName=pwr Member=L1
Removed Member From Class: ClassName=pwr Member=L3
Removed Member From Class: ClassName=pwr Member=R1
Removed Member From Class: ClassName=pwr Member=R3
Removed Member From Class: ClassName=pwr Member=R5
Removed Member From Class: ClassName=pwr Member=R7
Removed Member From Class: ClassName=pwr Member=R10
Removed Member From Class: ClassName=pwr Member=R12
Removed Member From Class: ClassName=pwr Member=R13
Removed Member From Class: ClassName=pwr Member=R14
Removed Member From Class: ClassName=pwr Member=U1
Removed Member From Class: ClassName=PWR Member=NetC45_2
Added Pin To Net: NetName=GND Pin=C45-1
Added Pin To Net: NetName=VCC12V Pin=C45-2
Added Pin To Net: NetName=GND Pin=C54-1
Added Pin To Net: NetName=VCC12V Pin=C54-2
Added Pin To Net: NetName=GND Pin=U14-1
Added Pin To Net: NetName=VCC12V Pin=U14-3
Added Member To Class: ClassName=pwr Member=Component C57 22uF 10V
