Removed Pin From Net: NetName=GND Pin=C30-1
Removed Pin From Net: NetName=GND Pin=C32-1
Removed Pin From Net: NetName=GND Pin=C33-1
Removed Pin From Net: NetName=GND Pin=C38-1
Removed Pin From Net: NetName=GND Pin=C39-1
Removed Pin From Net: NetName=GND Pin=C40-1
Removed Pin From Net: NetName=GND Pin=C41-1
Removed Pin From Net: NetName=GND Pin=C42-1
Removed Pin From Net: NetName=GND Pin=C43-1
Removed Pin From Net: NetName=GND Pin=C44-1
Removed Pin From Net: NetName=GND Pin=C45-1
Removed Pin From Net: NetName=GND Pin=C54-1
Removed Pin From Net: NetName=VBUS Pin=C54-2
Removed Pin From Net: NetName=GND Pin=C55-1
Removed Pin From Net: NetName=VBUS Pin=C55-2
Removed Pin From Net: NetName=GND Pin=C56-1
Removed Pin From Net: NetName=GND Pin=C57-1
Removed Pin From Net: NetName=GND Pin=C58-1
Removed Pin From Net: NetName=GND Pin=C59-1
Removed Pin From Net: NetName=SSRX1_N Pin=C66-1
Removed Pin From Net: NetName=SSRX1_P Pin=C68-1
Removed Pin From Net: NetName=GND Pin=C70-2
Removed Pin From Net: NetName=GND Pin=C71-2
Removed Pin From Net: NetName=GND Pin=C139-2
Removed Pin From Net: NetName=GND Pin=C141-1
Removed Pin From Net: NetName=VCC12V Pin=C141-2
Removed Pin From Net: NetName=GND Pin=C142-1
Removed Pin From Net: NetName=VCC12V Pin=C142-2
Removed Pin From Net: NetName=GND Pin=C144-2
Removed Pin From Net: NetName=VCC12V Pin=E5-1
Removed Pin From Net: NetName=GND Pin=E5-2
Removed Pin From Net: NetName=VCC12V Pin=E6-1
Removed Pin From Net: NetName=GND Pin=E6-2
Removed Pin From Net: NetName=VCC12V Pin=E7-1
Removed Pin From Net: NetName=GND Pin=E7-2
Removed Pin From Net: NetName=VCC12V Pin=E8-1
Removed Pin From Net: NetName=GND Pin=E8-2
Removed Pin From Net: NetName=GND Pin=E13-2
Removed Pin From Net: NetName=GND Pin=J3-P5
Removed Pin From Net: NetName=GND Pin=J3-P6
Removed Pin From Net: NetName=GND Pin=J3-P10
Removed Pin From Net: NetName=GND Pin=J3-P12
Removed Pin From Net: NetName=VCC12V Pin=J3-P13
Removed Pin From Net: NetName=VCC12V Pin=J3-P14
Removed Pin From Net: NetName=VCC12V Pin=J3-P15
Removed Pin From Net: NetName=GND Pin=J3-S1
Removed Pin From Net: NetName=GND Pin=J3-S4
Removed Pin From Net: NetName=GND Pin=J3-S7
Removed Pin From Net: NetName=GND Pin=J3-SH2
Removed Pin From Net: NetName=GND Pin=JP1-0
Removed Pin From Net: NetName=GND Pin=JP1-0
Removed Pin From Net: NetName=GND Pin=JP2-0
Removed Pin From Net: NetName=GND Pin=JP2-0
Removed Pin From Net: NetName=GND Pin=R12-2
Removed Pin From Net: NetName=VCC3.3V-VL822 Pin=R20-1
Removed Pin From Net: NetName=VCC3.3V-VL822 Pin=R21-1
Removed Pin From Net: NetName=GND Pin=R30-1
Removed Pin From Net: NetName=GND Pin=R32-1
Removed Pin From Net: NetName=VBUS Pin=U3-12
Removed Pin From Net: NetName=HSD1_N Pin=U3-13
Removed Pin From Net: NetName=HSD1_P Pin=U3-15
Removed Pin From Net: NetName=SSTX1_N Pin=U3-22
Removed Pin From Net: NetName=SSTX1_P Pin=U3-23
Removed Pin From Net: NetName=GND Pin=U3-26
Removed Pin From Net: NetName=GND Pin=U3-42
Removed Pin From Net: NetName=GND Pin=U3-43
Removed Pin From Net: NetName=VBUS Pin=U3-45
Removed Pin From Net: NetName=GND Pin=U3-47
Removed Pin From Net: NetName=GND Pin=U3-49
Removed Pin From Net: NetName=GND Pin=U5-4
Removed Pin From Net: NetName=GND Pin=U16-1
Removed Pin From Net: NetName=VCC12V Pin=U16-3
Removed Pin From Net: NetName=GND Pin=Y1-2
Removed Pin From Net: NetName=GND Pin=Y1-4
Removed Member From Class: ClassName=connector Member=C20
Removed Member From Class: ClassName=connector Member=C23
Removed Member From Class: ClassName=connector Member=C26
Removed Member From Class: ClassName=connector Member=C29
Removed Member From Class: ClassName=jmb575 Member=C30
Removed Member From Class: ClassName=jmb575 Member=C32
Removed Member From Class: ClassName=jmb575 Member=C33
Removed Member From Class: ClassName=jmb575 Member=C36
Removed Member From Class: ClassName=jmb575 Member=C38
Removed Member From Class: ClassName=jmb575 Member=C39
Removed Member From Class: ClassName=jmb575 Member=C40
Removed Member From Class: ClassName=jmb575 Member=C41
Removed Member From Class: ClassName=jmb575 Member=C42
Removed Member From Class: ClassName=jmb575 Member=C43
Removed Member From Class: ClassName=jmb575 Member=C44
Removed Member From Class: ClassName=jmb575 Member=C45
Removed Member From Class: ClassName=jmb575 Member=C54
Removed Member From Class: ClassName=jmb575 Member=C55
Removed Member From Class: ClassName=jmb575 Member=C56
Removed Member From Class: ClassName=jmb575 Member=C57
Removed Member From Class: ClassName=jmb575 Member=C58
Removed Member From Class: ClassName=jmb575 Member=C59
Removed Member From Class: ClassName=jmb575 Member=C66
Removed Member From Class: ClassName=jmb575 Member=C68
Removed Member From Class: ClassName=jmb575 Member=C70
Removed Member From Class: ClassName=jmb575 Member=C71
Removed Member From Class: ClassName=pwr Member=C139
Removed Member From Class: ClassName=pwr Member=C140
Removed Member From Class: ClassName=pwr Member=C141
Removed Member From Class: ClassName=pwr Member=C142
Removed Member From Class: ClassName=pwr Member=C143
Removed Member From Class: ClassName=pwr Member=C144
Removed Member From Class: ClassName=pwr Member=E5
Removed Member From Class: ClassName=pwr Member=E6
Removed Member From Class: ClassName=pwr Member=E7
Removed Member From Class: ClassName=pwr Member=E8
Removed Member From Class: ClassName=pwr Member=E13
Removed Member From Class: ClassName=jmb575 Member=L4
Removed Member From Class: ClassName=pwr Member=L8
Removed Member From Class: ClassName=connector Member=LED3
Removed Member From Class: ClassName=connector Member=LED4
Removed Member From Class: ClassName=pwr Member=R10
Removed Member From Class: ClassName=pwr Member=R12
Removed Member From Class: ClassName=connector Member=R20
Removed Member From Class: ClassName=connector Member=R21
Removed Member From Class: ClassName=jmb575 Member=R26
Removed Member From Class: ClassName=jmb575 Member=R28
Removed Member From Class: ClassName=jmb575 Member=R30
Removed Member From Class: ClassName=jmb575 Member=R32
Removed Member From Class: ClassName=jmb575 Member=U3
Removed Member From Class: ClassName=jmb575 Member=U5
Removed Member From Class: ClassName=pwr Member=U16
Removed Member From Class: ClassName=jmb575 Member=Y1
Removed Member From Class: ClassName=PWR Member=VCC1V2-A
Removed Member From Class: ClassName=PWR Member=VCC5V-C
Change Component Footprint: Designator=J3 Old Footprint=SATA 15P ÌùÆ¬ New Footprint=USB3.1_Type-A Á¢Ê½Ö±²å
Change Component Comment : Designator=J3 Old Comment=SATA15P New Comment=USB3.1_Type-A
Added Pin To Net: NetName=VBUS Pin=J3-1
Added Pin To Net: NetName=HSD1_N Pin=J3-2
Added Pin To Net: NetName=HSD1_P Pin=J3-3
Added Pin To Net: NetName=GND Pin=J3-4
Added Pin To Net: NetName=SSRX1_N Pin=J3-5
Added Pin To Net: NetName=SSRX1_P Pin=J3-6
Added Pin To Net: NetName=GND Pin=J3-7
Added Pin To Net: NetName=SSTX1_P Pin=J3-8
Added Pin To Net: NetName=SSTX1_N Pin=J3-9
Added Pin To Net: NetName=GND Pin=J3-10
Added Pin To Net: NetName=GND Pin=J3-11
