Removed Pin From Net: NetName=VCC3V3-B Pin=U6-3
Removed Pin From Net: NetName=VCC3V3-B Pin=U6-7
Removed Pin From Net: NetName=VCC3V3-C Pin=U8-3
Removed Pin From Net: NetName=VCC3V3-C Pin=U8-7
Added Component: Designator=R19(R0402_L)
Add component (AddParameter): Name = "BOM名称"; Value = "贴片电阻"; VariantName = "[No Variations]"
Add component (AddParameter): Name = "学习资源"; Value = "www.ooocke.com"; VariantName = "[No Variations]"
Add component (AddParameter): Name = "版权归属"; Value = "源创客"; VariantName = "[No Variations]"
Added Component: Designator=R20(R0402_L)
Add component (AddParameter): Name = "BOM名称"; Value = "贴片电阻"; VariantName = "[No Variations]"
Add component (AddParameter): Name = "学习资源"; Value = "www.ooocke.com"; VariantName = "[No Variations]"
Add component (AddParameter): Name = "版权归属"; Value = "源创客"; VariantName = "[No Variations]"
Added Component: Designator=R21(R0402_L)
Add component (AddParameter): Name = "BOM名称"; Value = "贴片电阻"; VariantName = "[No Variations]"
Add component (AddParameter): Name = "学习资源"; Value = "www.ooocke.com"; VariantName = "[No Variations]"
Add component (AddParameter): Name = "版权归属"; Value = "源创客"; VariantName = "[No Variations]"
Added Component: Designator=R26(R0402_L)
Add component (AddParameter): Name = "BOM名称"; Value = "贴片电阻"; VariantName = "[No Variations]"
Add component (AddParameter): Name = "学习资源"; Value = "www.ooocke.com"; VariantName = "[No Variations]"
Add component (AddParameter): Name = "版权归属"; Value = "源创客"; VariantName = "[No Variations]"
Added Pin To Net: NetName=VCC3V3-B Pin=R19-1
Added Pin To Net: NetName=VCC3V3-B Pin=R20-1
Added Pin To Net: NetName=VCC3V3-C Pin=R21-1
Added Pin To Net: NetName=VCC3V3-C Pin=R26-2
Added Pin To Net: NetName=NetR19_2 Pin=R19-2
Added Pin To Net: NetName=NetR19_2 Pin=U6-7
Added Net: Name=NetR19_2
Added Pin To Net: NetName=NetR20_2 Pin=R20-2
Added Pin To Net: NetName=NetR20_2 Pin=U6-3
Added Net: Name=NetR20_2
Added Pin To Net: NetName=NetR21_2 Pin=R21-2
Added Pin To Net: NetName=NetR21_2 Pin=U8-7
Added Net: Name=NetR21_2
Added Pin To Net: NetName=NetR26_1 Pin=R26-1
Added Pin To Net: NetName=NetR26_1 Pin=U8-3
Added Net: Name=NetR26_1
Added Member To Class: ClassName=jmb575 Member=Component R19 100K 1%
Added Member To Class: ClassName=jmb575 Member=Component R20 100K 1%
Added Member To Class: ClassName=jmb575 Member=Component R21 100K 1%
Added Member To Class: ClassName=jmb575 Member=Component R26 100K 1%
