Removed Pin From Net: NetName=IN_SSRX2_N Pin=U12-4
Removed Pin From Net: NetName=IN_SSRX2_P Pin=U12-5
Removed Pin From Net: NetName=IN_SSRX2_P Pin=U12-6
Removed Pin From Net: NetName=IN_SSRX2_N Pin=U12-7
Removed Pin From Net: NetName=IN_SSTX1_N Pin=U13-1
Removed Pin From Net: NetName=IN_SSTX1_P Pin=U13-2
Removed Pin From Net: NetName=IN_SSTX2_P Pin=U13-4
Removed Pin From Net: NetName=IN_SSTX2_N Pin=U13-5
Removed Pin From Net: NetName=IN_SSTX2_N Pin=U13-6
Removed Pin From Net: NetName=IN_SSTX2_P Pin=U13-7
Removed Pin From Net: NetName=IN_SSTX1_P Pin=U13-9
Removed Pin From Net: NetName=IN_SSTX1_N Pin=U13-10
Added Pin To Net: NetName=IN_SSRX2_P Pin=U12-4
Added Pin To Net: NetName=IN_SSRX2_N Pin=U12-5
Added Pin To Net: NetName=IN_SSRX2_N Pin=U12-6
Added Pin To Net: NetName=IN_SSRX2_P Pin=U12-7
Added Pin To Net: NetName=IN_SSTX1_P Pin=U13-1
Added Pin To Net: NetName=IN_SSTX1_N Pin=U13-2
Added Pin To Net: NetName=IN_SSTX2_N Pin=U13-4
Added Pin To Net: NetName=IN_SSTX2_P Pin=U13-5
Added Pin To Net: NetName=IN_SSTX2_P Pin=U13-6
Added Pin To Net: NetName=IN_SSTX2_N Pin=U13-7
Added Pin To Net: NetName=IN_SSTX1_N Pin=U13-9
Added Pin To Net: NetName=IN_SSTX1_P Pin=U13-10
