Removed Member From Class: ClassName=jmb575 Member=R33
Change Component Designator: OldDesignator=C12 NewDesignator=C90
Change Component Designator: OldDesignator=C14 NewDesignator=C1
Change Component Designator: OldDesignator=C15 NewDesignator=C3
Change Component Designator: OldDesignator=C17 NewDesignator=C5
Change Component Designator: OldDesignator=C18 NewDesignator=C37
Change Component Designator: OldDesignator=C19 NewDesignator=C38
Change Component Designator: OldDesignator=C20 NewDesignator=C6
Change Component Designator: OldDesignator=C21 NewDesignator=C39
Change Component Designator: OldDesignator=C22 NewDesignator=C40
Change Component Designator: OldDesignator=C23 NewDesignator=C9
Change Component Designator: OldDesignator=C24 NewDesignator=C41
Change Component Designator: OldDesignator=C25 NewDesignator=C42
Change Component Designator: OldDesignator=C26 NewDesignator=C11
Change Component Designator: OldDesignator=C27 NewDesignator=C43
Change Component Designator: OldDesignator=C28 NewDesignator=C44
Change Component Designator: OldDesignator=C29 NewDesignator=C12
Change Component Designator: OldDesignator=C30 NewDesignator=C14
Change Component Designator: OldDesignator=C31 NewDesignator=C45
Change Component Designator: OldDesignator=C32 NewDesignator=C15
Change Component Designator: OldDesignator=C33 NewDesignator=C17
Change Component Designator: OldDesignator=C34 NewDesignator=C46
Change Component Designator: OldDesignator=C35 NewDesignator=C47
Change Component Designator: OldDesignator=C36 NewDesignator=C19
Change Component Designator: OldDesignator=C37 NewDesignator=C48
Change Component Designator: OldDesignator=C38 NewDesignator=C20
Change Component Designator: OldDesignator=C39 NewDesignator=C23
Change Component Designator: OldDesignator=C40 NewDesignator=C25
Change Component Designator: OldDesignator=C41 NewDesignator=C26
Change Component Designator: OldDesignator=C42 NewDesignator=C28
Change Component Designator: OldDesignator=C43 NewDesignator=C29
Change Component Designator: OldDesignator=C44 NewDesignator=C30
Change Component Designator: OldDesignator=C45 NewDesignator=C31
Change Component Designator: OldDesignator=C46 NewDesignator=C49
Change Component Designator: OldDesignator=C47 NewDesignator=C50
Change Component Designator: OldDesignator=C48 NewDesignator=C51
Change Component Designator: OldDesignator=C49 NewDesignator=C52
Change Component Designator: OldDesignator=C50 NewDesignator=C53
Change Component Designator: OldDesignator=C51 NewDesignator=C54
Change Component Designator: OldDesignator=C52 NewDesignator=C55
Change Component Designator: OldDesignator=C53 NewDesignator=C56
Change Component Designator: OldDesignator=C54 NewDesignator=C32
Change Component Designator: OldDesignator=C55 NewDesignator=C33
Change Component Designator: OldDesignator=C56 NewDesignator=C34
Change Component Designator: OldDesignator=C57 NewDesignator=C35
Change Component Designator: OldDesignator=C60 NewDesignator=C57
Change Component Designator: OldDesignator=C61 NewDesignator=C58
Change Component Designator: OldDesignator=C62 NewDesignator=C59
Change Component Designator: OldDesignator=C63 NewDesignator=C60
Change Component Designator: OldDesignator=C64 NewDesignator=C61
Change Component Designator: OldDesignator=C65 NewDesignator=C62
Change Component Designator: OldDesignator=C67 NewDesignator=C63
Change Component Designator: OldDesignator=C69 NewDesignator=C64
Change Component Designator: OldDesignator=C72 NewDesignator=C65
Change Component Designator: OldDesignator=C73 NewDesignator=C66
Change Component Designator: OldDesignator=C74 NewDesignator=C67
Change Component Designator: OldDesignator=C75 NewDesignator=C68
Change Component Designator: OldDesignator=C76 NewDesignator=C69
Change Component Designator: OldDesignator=C77 NewDesignator=C70
Change Component Designator: OldDesignator=C78 NewDesignator=C71
Change Component Designator: OldDesignator=C79 NewDesignator=C72
Change Component Designator: OldDesignator=C80 NewDesignator=C73
Change Component Designator: OldDesignator=C81 NewDesignator=C74
Change Component Designator: OldDesignator=C82 NewDesignator=C75
Change Component Designator: OldDesignator=C83 NewDesignator=C76
Change Component Designator: OldDesignator=C84 NewDesignator=C77
Change Component Designator: OldDesignator=C85 NewDesignator=C78
Change Component Designator: OldDesignator=C86 NewDesignator=C79
Change Component Designator: OldDesignator=C87 NewDesignator=C80
Change Component Designator: OldDesignator=C88 NewDesignator=C81
Change Component Designator: OldDesignator=C89 NewDesignator=C82
Change Component Designator: OldDesignator=C90 NewDesignator=C83
Change Component Designator: OldDesignator=C91 NewDesignator=C84
Change Component Designator: OldDesignator=C92 NewDesignator=C85
Change Component Designator: OldDesignator=C93 NewDesignator=C86
Change Component Designator: OldDesignator=C94 NewDesignator=C87
Change Component Designator: OldDesignator=C95 NewDesignator=C88
Change Component Designator: OldDesignator=C96 NewDesignator=C89
Change Component Designator: OldDesignator=C97 NewDesignator=C91
Change Component Designator: OldDesignator=C98 NewDesignator=C92
Change Component Designator: OldDesignator=C99 NewDesignator=C93
Change Component Designator: OldDesignator=C100 NewDesignator=C94
Change Component Designator: OldDesignator=C101 NewDesignator=C95
Change Component Designator: OldDesignator=C102 NewDesignator=C96
Change Component Designator: OldDesignator=C103 NewDesignator=C97
Change Component Designator: OldDesignator=C104 NewDesignator=C98
Change Component Designator: OldDesignator=C105 NewDesignator=C100
Change Component Designator: OldDesignator=C106 NewDesignator=C101
Change Component Designator: OldDesignator=C107 NewDesignator=C99
Change Component Designator: OldDesignator=C108 NewDesignator=C107
Change Component Designator: OldDesignator=C109 NewDesignator=C108
Change Component Designator: OldDesignator=C110 NewDesignator=C102
Change Component Designator: OldDesignator=C111 NewDesignator=C103
Change Component Designator: OldDesignator=C112 NewDesignator=C104
Change Component Designator: OldDesignator=C113 NewDesignator=C105
Change Component Designator: OldDesignator=C114 NewDesignator=C106
Change Component Designator: OldDesignator=C115 NewDesignator=C109
Change Component Designator: OldDesignator=C116 NewDesignator=C110
Change Component Designator: OldDesignator=C117 NewDesignator=C111
Change Component Designator: OldDesignator=C118 NewDesignator=C112
Change Component Designator: OldDesignator=C119 NewDesignator=C113
Change Component Designator: OldDesignator=C120 NewDesignator=C114
Change Component Designator: OldDesignator=C121 NewDesignator=C115
Change Component Designator: OldDesignator=C122 NewDesignator=C116
Change Component Designator: OldDesignator=C123 NewDesignator=C117
Change Component Designator: OldDesignator=C124 NewDesignator=C118
Change Component Designator: OldDesignator=C125 NewDesignator=C119
Change Component Designator: OldDesignator=C126 NewDesignator=C120
Change Component Designator: OldDesignator=C127 NewDesignator=C36
Change Component Designator: OldDesignator=C128 NewDesignator=C18
Change Component Designator: OldDesignator=C131 NewDesignator=C21
Change Component Designator: OldDesignator=C132 NewDesignator=C22
Change Component Designator: OldDesignator=C134 NewDesignator=C24
Change Component Designator: OldDesignator=C137 NewDesignator=C27
Change Component Designator: OldDesignator=E1 NewDesignator=E5
Change Component Designator: OldDesignator=E2 NewDesignator=E6
Change Component Designator: OldDesignator=E3 NewDesignator=E7
Change Component Designator: OldDesignator=E4 NewDesignator=E8
Change Component Designator: OldDesignator=E5 NewDesignator=E1
Change Component Designator: OldDesignator=E6 NewDesignator=E2
Change Component Designator: OldDesignator=E7 NewDesignator=E3
Change Component Designator: OldDesignator=E8 NewDesignator=E4
Change Component Designator: OldDesignator=J3 NewDesignator=J5
Change Component Designator: OldDesignator=J4 NewDesignator=J3
Change Component Designator: OldDesignator=J5 NewDesignator=J4
Change Component Designator: OldDesignator=L4 NewDesignator=L1
Change Component Designator: OldDesignator=L5 NewDesignator=L6
Change Component Designator: OldDesignator=L6 NewDesignator=L7
Change Component Designator: OldDesignator=L7 NewDesignator=L4
Change Component Designator: OldDesignator=L8 NewDesignator=L3
Change Component Designator: OldDesignator=L9 NewDesignator=L5
Change Component Designator: OldDesignator=LED5 NewDesignator=LED1
Change Component Designator: OldDesignator=LED6 NewDesignator=LED2
Change Component Designator: OldDesignator=LED7 NewDesignator=LED3
Change Component Designator: OldDesignator=LED8 NewDesignator=LED4
Change Component Designator: OldDesignator=R8 NewDesignator=R46
Change Component Designator: OldDesignator=R9 NewDesignator=R8
Change Component Designator: OldDesignator=R15 NewDesignator=R1
Change Component Designator: OldDesignator=R16 NewDesignator=R3
Change Component Designator: OldDesignator=R17 NewDesignator=R5
Change Component Designator: OldDesignator=R18 NewDesignator=R7
Change Component Designator: OldDesignator=R19 NewDesignator=R20
Change Component Designator: OldDesignator=R20 NewDesignator=R21
Change Component Designator: OldDesignator=R21 NewDesignator=R26
Change Component Designator: OldDesignator=R22 NewDesignator=R12
Change Component Designator: OldDesignator=R23 NewDesignator=R13
Change Component Designator: OldDesignator=R24 NewDesignator=R14
Change Component Designator: OldDesignator=R25 NewDesignator=R15
Change Component Designator: OldDesignator=R26 NewDesignator=R27
Change Component Designator: OldDesignator=R27 NewDesignator=R16
Change Component Designator: OldDesignator=R28 NewDesignator=R9
Change Component Designator: OldDesignator=R29 NewDesignator=R17
Change Component Designator: OldDesignator=R30 NewDesignator=R10
Change Component Designator: OldDesignator=R31 NewDesignator=R18
Change Component Designator: OldDesignator=R33 NewDesignator=R19
Change Component Designator: OldDesignator=R34 NewDesignator=R22
Change Component Designator: OldDesignator=R35 NewDesignator=R23
Change Component Designator: OldDesignator=R36 NewDesignator=R24
Change Component Designator: OldDesignator=R37 NewDesignator=R25
Change Component Designator: OldDesignator=R38 NewDesignator=R28
Change Component Designator: OldDesignator=R39 NewDesignator=R29
Change Component Designator: OldDesignator=R40 NewDesignator=R30
Change Component Designator: OldDesignator=R41 NewDesignator=R31
Change Component Designator: OldDesignator=R42 NewDesignator=R33
Change Component Designator: OldDesignator=R43 NewDesignator=R35
Change Component Designator: OldDesignator=R44 NewDesignator=R32
Change Component Designator: OldDesignator=R45 NewDesignator=R34
Change Component Designator: OldDesignator=R46 NewDesignator=R36
Change Component Designator: OldDesignator=R47 NewDesignator=R37
Change Component Designator: OldDesignator=R48 NewDesignator=R38
Change Component Designator: OldDesignator=R49 NewDesignator=R39
Change Component Designator: OldDesignator=R50 NewDesignator=R40
Change Component Designator: OldDesignator=R51 NewDesignator=R41
Change Component Designator: OldDesignator=R52 NewDesignator=R43
Change Component Designator: OldDesignator=R53 NewDesignator=R42
Change Component Designator: OldDesignator=R54 NewDesignator=R44
Change Component Designator: OldDesignator=R55 NewDesignator=R45
Change Component Designator: OldDesignator=U3 NewDesignator=U1
Change Component Designator: OldDesignator=U4 NewDesignator=U6
Change Component Designator: OldDesignator=U5 NewDesignator=U3
Change Component Designator: OldDesignator=U6 NewDesignator=U7
Change Component Designator: OldDesignator=U7 NewDesignator=U8
Change Component Designator: OldDesignator=U8 NewDesignator=U9
Change Component Designator: OldDesignator=U9 NewDesignator=U10
Change Component Designator: OldDesignator=U10 NewDesignator=U11
Change Component Designator: OldDesignator=U11 NewDesignator=U12
Change Component Designator: OldDesignator=U12 NewDesignator=U13
Change Component Designator: OldDesignator=U13 NewDesignator=U14
Change Component Designator: OldDesignator=U14 NewDesignator=U5
Change Component Designator: OldDesignator=U15 NewDesignator=U4
Change Component Designator: OldDesignator=Y2 NewDesignator=Y1
Change Component Designator: OldDesignator=Y3 NewDesignator=Y2
Change Component Designator: OldDesignator=Y4 NewDesignator=Y3
Change Net Name : Old Net Name=NetC15_1 New Net Name=NetC3_1
Change Net Name : Old Net Name=NetC15_2 New Net Name=NetC3_2
Change Net Name : Old Net Name=NetC23_1 New Net Name=NetC9_1
Change Net Name : Old Net Name=NetC31_2 New Net Name=NetC45_2
Change Net Name : Old Net Name=NetC33_1 New Net Name=NetC17_1
Change Net Name : Old Net Name=NetC33_2 New Net Name=NetC17_2
Change Net Name : Old Net Name=NetC37_1 New Net Name=NetC48_1
Change Net Name : Old Net Name=NetC39_1 New Net Name=NetC23_1
Change Net Name : Old Net Name=NetC44_1 New Net Name=NetC30_1
Change Net Name : Old Net Name=NetC44_2 New Net Name=NetC30_2
Change Net Name : Old Net Name=NetC55_1 New Net Name=NetC33_1
Change Net Name : Old Net Name=NetC74_2 New Net Name=NetC67_2
Change Net Name : Old Net Name=NetC77_1 New Net Name=NetC70_1
Change Net Name : Old Net Name=NetC97_1 New Net Name=NetC91_1
Change Net Name : Old Net Name=NetC127_2 New Net Name=NetC36_2
Change Net Name : Old Net Name=NetC128_1 New Net Name=NetC18_1
Change Net Name : Old Net Name=NetC128_2 New Net Name=NetC18_2
Change Net Name : Old Net Name=NetC134_1 New Net Name=NetC24_1
Change Net Name : Old Net Name=NetJ4_A4 New Net Name=NetJ3_A4
Change Net Name : Old Net Name=NetLED5_1 New Net Name=NetLED1_1
Change Net Name : Old Net Name=NetLED6_1 New Net Name=NetLED2_1
Change Net Name : Old Net Name=NetLED7_1 New Net Name=NetLED3_1
Change Net Name : Old Net Name=NetLED8_1 New Net Name=NetLED4_1
Change Net Name : Old Net Name=NetR8_1 New Net Name=NetR46_1
Change Net Name : Old Net Name=NetR19_2 New Net Name=NetR20_2
Change Net Name : Old Net Name=NetR20_2 New Net Name=NetR21_2
Change Net Name : Old Net Name=NetR21_2 New Net Name=NetR26_2
Change Net Name : Old Net Name=NetR26_1 New Net Name=NetR27_1
Change Net Name : Old Net Name=NetR29_2 New Net Name=NetR17_2
Change Net Name : Old Net Name=NetR33_2 New Net Name=NetR19_2
Change Net Name : Old Net Name=NetR35_2 New Net Name=NetR23_2
Change Net Name : Old Net Name=NetR37_2 New Net Name=NetR25_2
Change Net Name : Old Net Name=NetR38_2 New Net Name=NetR28_2
Change Net Name : Old Net Name=NetR39_2 New Net Name=NetR29_2
Change Net Name : Old Net Name=NetR41_1 New Net Name=NetR31_1
Change Net Name : Old Net Name=NetR42_1 New Net Name=NetR33_1
Change Net Name : Old Net Name=NetR43_1 New Net Name=NetR35_1
Change Net Name : Old Net Name=NetR44_1 New Net Name=NetR32_1
Change Net Name : Old Net Name=NetR45_1 New Net Name=NetR34_1
Change Net Name : Old Net Name=NetR46_2 New Net Name=NetR36_2
Change Net Name : Old Net Name=NetR47_2 New Net Name=NetR37_2
Change Net Name : Old Net Name=NetR48_1 New Net Name=NetR38_1
Change Net Name : Old Net Name=NetR49_1 New Net Name=NetR39_1
Change Net Name : Old Net Name=NetR50_1 New Net Name=NetR40_1
Change Net Name : Old Net Name=NetR51_1 New Net Name=NetR41_1
Change Net Name : Old Net Name=NetR52_1 New Net Name=NetR43_1
Change Net Name : Old Net Name=NetR54_1 New Net Name=NetR44_1
Change Net Name : Old Net Name=NetR55_1 New Net Name=NetR45_1
Added Member To Class: ClassName=jmb575 Member=Component R27 100K 1%
