Change Component Designator: Old Designator=C14 New Designator=C1
Change Component Designator: Old Designator=C15 New Designator=C3
Change Component Designator: Old Designator=C17 New Designator=C5
Change Component Designator: Old Designator=C20 New Designator=C6
Change Component Designator: Old Designator=C23 New Designator=C9
Change Component Designator: Old Designator=C26 New Designator=C11
Change Component Designator: Old Designator=C29 New Designator=C12
Change Component Designator: Old Designator=C30 New Designator=C14
Change Component Designator: Old Designator=C32 New Designator=C15
Change Component Designator: Old Designator=C33 New Designator=C17
Change Component Designator: Old Designator=C36 New Designator=C19
Change Component Designator: Old Designator=C38 New Designator=C20
Change Component Designator: Old Designator=C39 New Designator=C23
Change Component Designator: Old Designator=C40 New Designator=C25
Change Component Designator: Old Designator=C41 New Designator=C26
Change Component Designator: Old Designator=C42 New Designator=C28
Change Component Designator: Old Designator=C43 New Designator=C29
Change Component Designator: Old Designator=C44 New Designator=C30
Change Component Designator: Old Designator=C45 New Designator=C31
Change Component Designator: Old Designator=C54 New Designator=C32
Change Component Designator: Old Designator=C55 New Designator=C33
Change Component Designator: Old Designator=C56 New Designator=C34
Change Component Designator: Old Designator=C57 New Designator=C35
Change Component Designator: Old Designator=C127 New Designator=C36
Change Component Designator: Old Designator=C128 New Designator=C18
Change Component Designator: Old Designator=C131 New Designator=C21
Change Component Designator: Old Designator=C132 New Designator=C22
Change Component Designator: Old Designator=C134 New Designator=C24
Change Component Designator: Old Designator=C137 New Designator=C27
Change Component Designator: Old Designator=E1 New Designator=E5
Change Component Designator: Old Designator=E2 New Designator=E6
Change Component Designator: Old Designator=E3 New Designator=E7
Change Component Designator: Old Designator=E4 New Designator=E8
Change Component Designator: Old Designator=E5 New Designator=E1
Change Component Designator: Old Designator=E6 New Designator=E2
Change Component Designator: Old Designator=E7 New Designator=E3
Change Component Designator: Old Designator=E8 New Designator=E4
Change Component Designator: Old Designator=L4 New Designator=L1
Change Component Designator: Old Designator=L7 New Designator=L4
Change Component Designator: Old Designator=L8 New Designator=L3
Change Component Designator: Old Designator=L9 New Designator=L5
Change Component Designator: Old Designator=R9 New Designator=R8
Change Component Designator: Old Designator=R15 New Designator=R1
Change Component Designator: Old Designator=R16 New Designator=R3
Change Component Designator: Old Designator=R17 New Designator=R5
Change Component Designator: Old Designator=R18 New Designator=R7
Change Component Designator: Old Designator=R28 New Designator=R9
Change Component Designator: Old Designator=R30 New Designator=R10
Change Component Designator: Old Designator=U3 New Designator=U1
Change Component Designator: Old Designator=U5 New Designator=U3
Change Component Designator: Old Designator=U14 New Designator=U5
Change Component Designator: Old Designator=U15 New Designator=U4
